Started GET "/pages/about" for 127.0.0.1 at 2018-08-28 11:16:08 -0300
Processing by PagesController#about as HTML
  Rendering pages/about.html.erb within layouts/application
  Rendered pages/about.html.erb within layouts/application (1.1ms)
Completed 500 Internal Server Error in 207ms (ActiveRecord: 0.0ms)


  
ActionView::Template::Error (File to import not found or unreadable: bootstrap.
Load paths:
  /home/juan/GitHub/S12E2/app/assets/config
  /home/juan/GitHub/S12E2/app/assets/images
  /home/juan/GitHub/S12E2/app/assets/javascripts
  /home/juan/GitHub/S12E2/app/assets/stylesheets
  /home/juan/.rvm/gems/ruby-2.4.1/gems/coffee-rails-4.2.2/lib/assets/javascripts
  /home/juan/.rvm/gems/ruby-2.4.1/gems/actioncable-5.2.1/lib/assets/compiled
  /home/juan/.rvm/gems/ruby-2.4.1/gems/activestorage-5.2.1/app/assets/javascripts
  /home/juan/.rvm/gems/ruby-2.4.1/gems/actionview-5.2.1/lib/assets/compiled
  /home/juan/.rvm/gems/ruby-2.4.1/gems/turbolinks-source-5.2.0/lib/assets/javascripts
  /home/juan/GitHub/S12E2/node_modules):
     5:     <%= csrf_meta_tags %>
     6:     <%= csp_meta_tag %>
     7: 
     8:     <%= stylesheet_link_tag    'application', media: 'all', 'data-turbolinks-track': 'reload' %>
     9:     <%= javascript_include_tag 'application', 'data-turbolinks-track': 'reload' %>
    10:   </head>
    11: 
  
app/assets/stylesheets/application.scss:1
app/views/layouts/application.html.erb:8:in `_app_views_layouts_application_html_erb__928591135_89782710'
Started GET "/pages/about" for 127.0.0.1 at 2018-08-28 11:16:58 -0300
Processing by PagesController#about as HTML
  Rendering pages/about.html.erb within layouts/application
  Rendered pages/about.html.erb within layouts/application (0.7ms)
Completed 200 OK in 3811ms (Views: 3801.7ms | ActiveRecord: 0.0ms)


Started GET "/pages/home" for 127.0.0.1 at 2018-08-28 11:31:19 -0300
Processing by PagesController#home as HTML
  Rendering pages/home.html.erb within layouts/application
  Rendered pages/home.html.erb within layouts/application (0.6ms)
Completed 200 OK in 2192ms (Views: 2181.9ms | ActiveRecord: 0.0ms)


  [1m[35m (0.1ms)[0m  [1m[34mSELECT sqlite_version(*)[0m
  ↳ bin/rails:9
  [1m[35m (137.6ms)[0m  [1m[35mCREATE TABLE "schema_migrations" ("version" varchar NOT NULL PRIMARY KEY)[0m
  ↳ bin/rails:9
  [1m[35m (141.1ms)[0m  [1m[35mCREATE TABLE "ar_internal_metadata" ("key" varchar NOT NULL PRIMARY KEY, "value" varchar, "created_at" datetime NOT NULL, "updated_at" datetime NOT NULL)[0m
  ↳ bin/rails:9
  [1m[35m (0.4ms)[0m  [1m[34mSELECT "schema_migrations"."version" FROM "schema_migrations" ORDER BY "schema_migrations"."version" ASC[0m
  ↳ bin/rails:9
Migrating to CreateProducts (20180828143309)
  [1m[35m (0.2ms)[0m  [1m[36mbegin transaction[0m
  ↳ bin/rails:9
  [1m[35m (2.1ms)[0m  [1m[35mCREATE TABLE "products" ("id" integer PRIMARY KEY AUTOINCREMENT NOT NULL, "name" varchar, "price" varchar, "created_at" datetime NOT NULL, "updated_at" datetime NOT NULL)[0m
  ↳ db/migrate/20180828143309_create_products.rb:3
  [1m[36mActiveRecord::SchemaMigration Create (0.3ms)[0m  [1m[32mINSERT INTO "schema_migrations" ("version") VALUES (?)[0m  [["version", "20180828143309"]]
  ↳ bin/rails:9
  [1m[35m (119.0ms)[0m  [1m[36mcommit transaction[0m
  ↳ bin/rails:9
  [1m[36mActiveRecord::InternalMetadata Load (0.5ms)[0m  [1m[34mSELECT  "ar_internal_metadata".* FROM "ar_internal_metadata" WHERE "ar_internal_metadata"."key" = ? LIMIT ?[0m  [["key", "environment"], ["LIMIT", 1]]
  ↳ bin/rails:9
  [1m[35m (0.2ms)[0m  [1m[36mbegin transaction[0m
  ↳ bin/rails:9
  [1m[36mActiveRecord::InternalMetadata Create (0.6ms)[0m  [1m[32mINSERT INTO "ar_internal_metadata" ("key", "value", "created_at", "updated_at") VALUES (?, ?, ?, ?)[0m  [["key", "environment"], ["value", "development"], ["created_at", "2018-08-28 14:33:44.569475"], ["updated_at", "2018-08-28 14:33:44.569475"]]
  ↳ bin/rails:9
  [1m[35m (84.7ms)[0m  [1m[36mcommit transaction[0m
  ↳ bin/rails:9
  [1m[35m (0.4ms)[0m  [1m[34mSELECT "schema_migrations"."version" FROM "schema_migrations" ORDER BY "schema_migrations"."version" ASC[0m
  ↳ bin/rails:9
Started GET "/pages/home" for 127.0.0.1 at 2018-08-28 11:36:33 -0300
  [1m[35m (0.3ms)[0m  [1m[34mSELECT "schema_migrations"."version" FROM "schema_migrations" ORDER BY "schema_migrations"."version" ASC[0m
  ↳ /home/juan/.rvm/gems/ruby-2.4.1/gems/activerecord-5.2.1/lib/active_record/log_subscriber.rb:98
Processing by PagesController#home as HTML
  Rendering pages/home.html.erb within layouts/application
  Rendered pages/home.html.erb within layouts/application (0.6ms)
  Rendered layouts/_navbar.html (0.3ms)
Completed 200 OK in 261ms (Views: 251.5ms | ActiveRecord: 0.0ms)


Started GET "/pages/home" for 127.0.0.1 at 2018-08-28 11:38:44 -0300
  [1m[35m (0.1ms)[0m  [1m[34mSELECT "schema_migrations"."version" FROM "schema_migrations" ORDER BY "schema_migrations"."version" ASC[0m
  ↳ /home/juan/.rvm/gems/ruby-2.4.1/gems/activerecord-5.2.1/lib/active_record/log_subscriber.rb:98
Processing by PagesController#home as HTML
  Rendering pages/home.html.erb within layouts/application
  Rendered pages/home.html.erb within layouts/application (0.7ms)
  Rendered layouts/_navbar.html (0.4ms)
Completed 200 OK in 232ms (Views: 222.5ms | ActiveRecord: 0.0ms)


Started GET "/pages/home" for 127.0.0.1 at 2018-08-28 11:40:29 -0300
  [1m[35m (0.2ms)[0m  [1m[34mSELECT "schema_migrations"."version" FROM "schema_migrations" ORDER BY "schema_migrations"."version" ASC[0m
  ↳ /home/juan/.rvm/gems/ruby-2.4.1/gems/activerecord-5.2.1/lib/active_record/log_subscriber.rb:98
Processing by PagesController#home as HTML
  Rendering pages/home.html.erb within layouts/application
  Rendered pages/home.html.erb within layouts/application (0.7ms)
  Rendered layouts/_navbar.html (0.4ms)
Completed 200 OK in 225ms (Views: 214.9ms | ActiveRecord: 0.0ms)


Started GET "/pages/home" for 127.0.0.1 at 2018-08-28 11:44:46 -0300
  [1m[35m (0.2ms)[0m  [1m[34mSELECT "schema_migrations"."version" FROM "schema_migrations" ORDER BY "schema_migrations"."version" ASC[0m
  ↳ /home/juan/.rvm/gems/ruby-2.4.1/gems/activerecord-5.2.1/lib/active_record/log_subscriber.rb:98
Processing by PagesController#home as HTML
  Rendering pages/home.html.erb within layouts/application
  Rendered pages/home.html.erb within layouts/application (0.7ms)
  Rendered layouts/_navbar.html.erb (0.6ms)
Completed 200 OK in 235ms (Views: 225.9ms | ActiveRecord: 0.0ms)


Started GET "/pages/home" for 127.0.0.1 at 2018-08-28 11:44:49 -0300
Processing by PagesController#home as HTML
  Rendering pages/home.html.erb within layouts/application
  Rendered pages/home.html.erb within layouts/application (0.6ms)
  Rendered layouts/_navbar.html.erb (0.6ms)
Completed 200 OK in 51ms (Views: 48.9ms | ActiveRecord: 0.0ms)


Started GET "/pages/home" for 127.0.0.1 at 2018-08-28 11:44:51 -0300
Processing by PagesController#home as HTML
  Rendering pages/home.html.erb within layouts/application
  Rendered pages/home.html.erb within layouts/application (0.9ms)
  Rendered layouts/_navbar.html.erb (0.6ms)
Completed 200 OK in 79ms (Views: 76.5ms | ActiveRecord: 0.0ms)


Started GET "/pages/home" for 127.0.0.1 at 2018-08-28 11:46:59 -0300
  [1m[35m (0.2ms)[0m  [1m[34mSELECT "schema_migrations"."version" FROM "schema_migrations" ORDER BY "schema_migrations"."version" ASC[0m
  ↳ /home/juan/.rvm/gems/ruby-2.4.1/gems/activerecord-5.2.1/lib/active_record/log_subscriber.rb:98
Processing by PagesController#home as HTML
  Rendering pages/home.html.erb within layouts/application
  Rendered pages/home.html.erb within layouts/application (0.6ms)
  Rendered layouts/_navbar.html.erb (333.4ms)
Completed 500 Internal Server Error in 564ms (ActiveRecord: 0.0ms)


  
ActionView::Template::Error (undefined local variable or method `products_index_path' for #<#<Class:0x9ae3c5c>:0x9ae1344>
Did you mean?  products_path):
    19:           <%= link_to 'About', pages_about_path %>
    20:         </li>
    21:         <li>
    22:           <%= link_to 'Products', products_index_path %>
    23:         </li>
    24:         <li class="dropdown">
    25:           <a href="#" class="dropdown-toggle" data-toggle="dropdown" role="button" aria-haspopup="true" aria-expanded="false">Dropdown <span class="caret"></span></a>
  
app/views/layouts/_navbar.html.erb:22:in `_app_views_layouts__navbar_html_erb___203443958_96740240'
app/views/layouts/application.html.erb:13:in `_app_views_layouts_application_html_erb___240492646_79103230'
Started GET "/pages/home" for 127.0.0.1 at 2018-08-28 11:47:58 -0300
  [1m[35m (0.2ms)[0m  [1m[34mSELECT "schema_migrations"."version" FROM "schema_migrations" ORDER BY "schema_migrations"."version" ASC[0m
  ↳ /home/juan/.rvm/gems/ruby-2.4.1/gems/activerecord-5.2.1/lib/active_record/log_subscriber.rb:98
Processing by PagesController#home as HTML
  Rendering pages/home.html.erb within layouts/application
  Rendered pages/home.html.erb within layouts/application (0.7ms)
  Rendered layouts/_navbar.html.erb (332.4ms)
Completed 500 Internal Server Error in 568ms (ActiveRecord: 0.0ms)


  
ActionView::Template::Error (undefined local variable or method `product_index_path' for #<#<Class:0xb24a288>:0xb2236ec>
Did you mean?  product_path):
    19:           <%= link_to 'About', pages_about_path %>
    20:         </li>
    21:         <li>
    22:           <%= link_to 'Products', product_index_path %>
    23:         </li>
    24:         <li class="dropdown">
    25:           <a href="#" class="dropdown-toggle" data-toggle="dropdown" role="button" aria-haspopup="true" aria-expanded="false">Dropdown <span class="caret"></span></a>
  
app/views/layouts/_navbar.html.erb:22:in `_app_views_layouts__navbar_html_erb___647951959__636404478'
app/views/layouts/application.html.erb:13:in `_app_views_layouts_application_html_erb__861296290_91441980'
Started GET "/pages/home" for 127.0.0.1 at 2018-08-28 11:49:50 -0300
  [1m[35m (0.2ms)[0m  [1m[34mSELECT "schema_migrations"."version" FROM "schema_migrations" ORDER BY "schema_migrations"."version" ASC[0m
  ↳ /home/juan/.rvm/gems/ruby-2.4.1/gems/activerecord-5.2.1/lib/active_record/log_subscriber.rb:98
Processing by PagesController#home as HTML
  Rendering pages/home.html.erb within layouts/application
  Rendered pages/home.html.erb within layouts/application (0.7ms)
  Rendered layouts/_navbar.html.erb (0.7ms)
Completed 200 OK in 244ms (Views: 233.8ms | ActiveRecord: 0.0ms)


Started GET "/pages/about" for 127.0.0.1 at 2018-08-28 11:49:53 -0300
Processing by PagesController#about as HTML
  Rendering pages/about.html.erb within layouts/application
  Rendered pages/about.html.erb within layouts/application (0.7ms)
  Rendered layouts/_navbar.html.erb (0.7ms)
Completed 200 OK in 45ms (Views: 43.1ms | ActiveRecord: 0.0ms)


Started GET "/products/" for 127.0.0.1 at 2018-08-28 11:50:02 -0300
Processing by ProductsController#index as HTML
  Rendering products/index.html.erb within layouts/application
  [1m[36mProduct Load (0.3ms)[0m  [1m[34mSELECT "products".* FROM "products"[0m
  ↳ app/views/products/index.html.erb:15
  Rendered products/index.html.erb within layouts/application (4.2ms)
  Rendered layouts/_navbar.html.erb (0.6ms)
Completed 200 OK in 56ms (Views: 51.8ms | ActiveRecord: 0.7ms)


Started GET "/products/" for 127.0.0.1 at 2018-08-28 11:51:58 -0300
  [1m[35m (0.1ms)[0m  [1m[34mSELECT "schema_migrations"."version" FROM "schema_migrations" ORDER BY "schema_migrations"."version" ASC[0m
  ↳ /home/juan/.rvm/gems/ruby-2.4.1/gems/activerecord-5.2.1/lib/active_record/log_subscriber.rb:98
Processing by ProductsController#index as HTML
  Rendering products/index.html.erb within layouts/application
  [1m[36mProduct Load (0.2ms)[0m  [1m[34mSELECT "products".* FROM "products"[0m
  ↳ app/views/products/index.html.erb:15
  Rendered products/index.html.erb within layouts/application (2.9ms)
  Rendered layouts/_navbar.html.erb (1.9ms)
Completed 500 Internal Server Error in 233ms (ActiveRecord: 0.5ms)


  
ActionView::Template::Error (No route matches {:action=>"show", :controller=>"products"}, missing required keys: [:id]):
    19:           <%= link_to 'About', pages_about_path %>
    20:         </li>
    21:         <li>
    22:           <%= link_to 'Products', product_path %>
    23:         </li>
    24:         <li class="dropdown">
    25:           <a href="#" class="dropdown-toggle" data-toggle="dropdown" role="button" aria-haspopup="true" aria-expanded="false">Dropdown <span class="caret"></span></a>
  
app/views/layouts/_navbar.html.erb:22:in `_app_views_layouts__navbar_html_erb__542627252__647553158'
app/views/layouts/application.html.erb:13:in `_app_views_layouts_application_html_erb__922743261_89559820'
Started GET "/products/" for 127.0.0.1 at 2018-08-28 11:52:23 -0300
  [1m[35m (0.1ms)[0m  [1m[34mSELECT "schema_migrations"."version" FROM "schema_migrations" ORDER BY "schema_migrations"."version" ASC[0m
  ↳ /home/juan/.rvm/gems/ruby-2.4.1/gems/activerecord-5.2.1/lib/active_record/log_subscriber.rb:98
Processing by ProductsController#index as HTML
  Rendering products/index.html.erb within layouts/application
  [1m[36mProduct Load (0.3ms)[0m  [1m[34mSELECT "products".* FROM "products"[0m
  ↳ app/views/products/index.html.erb:15
  Rendered products/index.html.erb within layouts/application (3.8ms)
  Rendered layouts/_navbar.html.erb (0.7ms)
Completed 200 OK in 243ms (Views: 230.4ms | ActiveRecord: 0.8ms)


Started GET "/products" for 127.0.0.1 at 2018-08-28 11:52:26 -0300
Processing by ProductsController#index as HTML
  Rendering products/index.html.erb within layouts/application
  [1m[36mProduct Load (0.4ms)[0m  [1m[34mSELECT "products".* FROM "products"[0m
  ↳ app/views/products/index.html.erb:15
  Rendered products/index.html.erb within layouts/application (3.9ms)
  Rendered layouts/_navbar.html.erb (1.0ms)
Completed 200 OK in 65ms (Views: 61.9ms | ActiveRecord: 0.4ms)


Started GET "/pages/about" for 127.0.0.1 at 2018-08-28 11:52:27 -0300
Processing by PagesController#about as HTML
  Rendering pages/about.html.erb within layouts/application
  Rendered pages/about.html.erb within layouts/application (0.9ms)
  Rendered layouts/_navbar.html.erb (0.8ms)
Completed 200 OK in 84ms (Views: 80.5ms | ActiveRecord: 0.0ms)


Started GET "/pages/home" for 127.0.0.1 at 2018-08-28 11:52:29 -0300
Processing by PagesController#home as HTML
  Rendering pages/home.html.erb within layouts/application
  Rendered pages/home.html.erb within layouts/application (0.6ms)
  Rendered layouts/_navbar.html.erb (1.6ms)
Completed 200 OK in 57ms (Views: 55.4ms | ActiveRecord: 0.0ms)


Started GET "/pages/about" for 127.0.0.1 at 2018-08-28 11:52:30 -0300
Processing by PagesController#about as HTML
  Rendering pages/about.html.erb within layouts/application
  Rendered pages/about.html.erb within layouts/application (0.7ms)
  Rendered layouts/_navbar.html.erb (0.9ms)
Completed 200 OK in 57ms (Views: 55.3ms | ActiveRecord: 0.0ms)


Started GET "/products" for 127.0.0.1 at 2018-08-28 11:52:30 -0300
Processing by ProductsController#index as HTML
  Rendering products/index.html.erb within layouts/application
  [1m[36mProduct Load (0.5ms)[0m  [1m[34mSELECT "products".* FROM "products"[0m
  ↳ app/views/products/index.html.erb:15
  Rendered products/index.html.erb within layouts/application (4.8ms)
  Rendered layouts/_navbar.html.erb (0.8ms)
Completed 200 OK in 94ms (Views: 91.2ms | ActiveRecord: 0.5ms)


Started GET "/products" for 127.0.0.1 at 2018-08-28 11:52:34 -0300
Processing by ProductsController#index as HTML
  Rendering products/index.html.erb within layouts/application
  [1m[36mProduct Load (0.5ms)[0m  [1m[34mSELECT "products".* FROM "products"[0m
  ↳ app/views/products/index.html.erb:15
  Rendered products/index.html.erb within layouts/application (6.5ms)
  Rendered layouts/_navbar.html.erb (0.8ms)
Completed 200 OK in 87ms (Views: 83.0ms | ActiveRecord: 0.5ms)


Started GET "/products" for 127.0.0.1 at 2018-08-28 11:52:36 -0300
Processing by ProductsController#index as HTML
  Rendering products/index.html.erb within layouts/application
  [1m[36mProduct Load (0.4ms)[0m  [1m[34mSELECT "products".* FROM "products"[0m
  ↳ app/views/products/index.html.erb:15
  Rendered products/index.html.erb within layouts/application (6.4ms)
  Rendered layouts/_navbar.html.erb (0.8ms)
Completed 200 OK in 87ms (Views: 84.1ms | ActiveRecord: 0.4ms)


Started GET "/products" for 127.0.0.1 at 2018-08-28 11:54:16 -0300
  [1m[35m (0.2ms)[0m  [1m[34mSELECT "schema_migrations"."version" FROM "schema_migrations" ORDER BY "schema_migrations"."version" ASC[0m
  ↳ /home/juan/.rvm/gems/ruby-2.4.1/gems/activerecord-5.2.1/lib/active_record/log_subscriber.rb:98
Processing by ProductsController#index as HTML
  Rendering products/index.html.erb within layouts/application
  [1m[36mProduct Load (0.2ms)[0m  [1m[34mSELECT "products".* FROM "products"[0m
  ↳ app/views/products/index.html.erb:15
  Rendered products/index.html.erb within layouts/application (3.1ms)
  Rendered layouts/_navbar.html.erb (0.9ms)
Completed 200 OK in 240ms (Views: 228.0ms | ActiveRecord: 0.5ms)


Started GET "/navbar-static-top/" for 127.0.0.1 at 2018-08-28 11:55:16 -0300
  [1m[35m (0.2ms)[0m  [1m[34mSELECT "schema_migrations"."version" FROM "schema_migrations" ORDER BY "schema_migrations"."version" ASC[0m
  ↳ /home/juan/.rvm/gems/ruby-2.4.1/gems/activerecord-5.2.1/lib/active_record/log_subscriber.rb:98
  
ActionController::RoutingError (No route matches [GET] "/navbar-static-top"):
  
actionpack (5.2.1) lib/action_dispatch/middleware/debug_exceptions.rb:65:in `call'
web-console (3.6.2) lib/web_console/middleware.rb:135:in `call_app'
web-console (3.6.2) lib/web_console/middleware.rb:30:in `block in call'
web-console (3.6.2) lib/web_console/middleware.rb:20:in `catch'
web-console (3.6.2) lib/web_console/middleware.rb:20:in `call'
actionpack (5.2.1) lib/action_dispatch/middleware/show_exceptions.rb:33:in `call'
railties (5.2.1) lib/rails/rack/logger.rb:38:in `call_app'
railties (5.2.1) lib/rails/rack/logger.rb:26:in `block in call'
activesupport (5.2.1) lib/active_support/tagged_logging.rb:71:in `block in tagged'
activesupport (5.2.1) lib/active_support/tagged_logging.rb:28:in `tagged'
activesupport (5.2.1) lib/active_support/tagged_logging.rb:71:in `tagged'
railties (5.2.1) lib/rails/rack/logger.rb:26:in `call'
sprockets-rails (3.2.1) lib/sprockets/rails/quiet_assets.rb:13:in `call'
actionpack (5.2.1) lib/action_dispatch/middleware/remote_ip.rb:81:in `call'
actionpack (5.2.1) lib/action_dispatch/middleware/request_id.rb:27:in `call'
rack (2.0.5) lib/rack/method_override.rb:22:in `call'
rack (2.0.5) lib/rack/runtime.rb:22:in `call'
activesupport (5.2.1) lib/active_support/cache/strategy/local_cache_middleware.rb:29:in `call'
actionpack (5.2.1) lib/action_dispatch/middleware/executor.rb:14:in `call'
actionpack (5.2.1) lib/action_dispatch/middleware/static.rb:127:in `call'
rack (2.0.5) lib/rack/sendfile.rb:111:in `call'
railties (5.2.1) lib/rails/engine.rb:524:in `call'
puma (3.12.0) lib/puma/configuration.rb:225:in `call'
puma (3.12.0) lib/puma/server.rb:658:in `handle_request'
puma (3.12.0) lib/puma/server.rb:472:in `process_client'
puma (3.12.0) lib/puma/server.rb:332:in `block in run'
puma (3.12.0) lib/puma/thread_pool.rb:133:in `block in spawn_thread'
Started GET "/products" for 127.0.0.1 at 2018-08-28 11:55:19 -0300
Processing by ProductsController#index as HTML
  Rendering products/index.html.erb within layouts/application
  [1m[36mProduct Load (0.3ms)[0m  [1m[34mSELECT "products".* FROM "products"[0m
  ↳ app/views/products/index.html.erb:15
  Rendered products/index.html.erb within layouts/application (4.2ms)
  Rendered layouts/_navbar.html.erb (0.6ms)
Completed 200 OK in 227ms (Views: 220.5ms | ActiveRecord: 0.9ms)


Started GET "/products" for 127.0.0.1 at 2018-08-28 11:55:45 -0300
  [1m[35m (0.2ms)[0m  [1m[34mSELECT "schema_migrations"."version" FROM "schema_migrations" ORDER BY "schema_migrations"."version" ASC[0m
  ↳ /home/juan/.rvm/gems/ruby-2.4.1/gems/activerecord-5.2.1/lib/active_record/log_subscriber.rb:98
Processing by ProductsController#index as HTML
  Rendering products/index.html.erb within layouts/application
  [1m[36mProduct Load (0.2ms)[0m  [1m[34mSELECT "products".* FROM "products"[0m
  ↳ app/views/products/index.html.erb:15
  Rendered products/index.html.erb within layouts/application (2.9ms)
  Rendered layouts/_navbar.html.erb (0.7ms)
Completed 200 OK in 237ms (Views: 225.0ms | ActiveRecord: 0.5ms)


Started GET "/products" for 127.0.0.1 at 2018-08-28 11:56:29 -0300
  [1m[35m (0.2ms)[0m  [1m[34mSELECT "schema_migrations"."version" FROM "schema_migrations" ORDER BY "schema_migrations"."version" ASC[0m
  ↳ /home/juan/.rvm/gems/ruby-2.4.1/gems/activerecord-5.2.1/lib/active_record/log_subscriber.rb:98
Processing by ProductsController#index as HTML
  Rendering products/index.html.erb within layouts/application
  [1m[36mProduct Load (0.2ms)[0m  [1m[34mSELECT "products".* FROM "products"[0m
  ↳ app/views/products/index.html.erb:15
  Rendered products/index.html.erb within layouts/application (2.9ms)
  Rendered layouts/_navbar.html.erb (0.7ms)
Completed 200 OK in 232ms (Views: 219.4ms | ActiveRecord: 0.5ms)


Started GET "/pages/home" for 127.0.0.1 at 2018-08-28 11:56:33 -0300
Processing by PagesController#home as HTML
  Rendering pages/home.html.erb within layouts/application
  Rendered pages/home.html.erb within layouts/application (1.0ms)
  Rendered layouts/_navbar.html.erb (1.0ms)
Completed 200 OK in 65ms (Views: 61.0ms | ActiveRecord: 0.0ms)


Started GET "/pages/home" for 127.0.0.1 at 2018-08-28 11:56:38 -0300
Processing by PagesController#home as HTML
  Rendering pages/home.html.erb within layouts/application
  Rendered pages/home.html.erb within layouts/application (0.7ms)
  Rendered layouts/_navbar.html.erb (0.9ms)
Completed 200 OK in 70ms (Views: 67.0ms | ActiveRecord: 0.0ms)


Started GET "/pages/home" for 127.0.0.1 at 2018-08-28 11:56:57 -0300
  [1m[35m (0.1ms)[0m  [1m[34mSELECT "schema_migrations"."version" FROM "schema_migrations" ORDER BY "schema_migrations"."version" ASC[0m
  ↳ /home/juan/.rvm/gems/ruby-2.4.1/gems/activerecord-5.2.1/lib/active_record/log_subscriber.rb:98
Processing by PagesController#home as HTML
  Rendering pages/home.html.erb within layouts/application
  Rendered pages/home.html.erb within layouts/application (0.7ms)
  Rendered layouts/_navbar.html.erb (0.7ms)
Completed 200 OK in 226ms (Views: 215.6ms | ActiveRecord: 0.0ms)


Started GET "/pages/home" for 127.0.0.1 at 2018-08-28 11:58:17 -0300
  [1m[35m (0.2ms)[0m  [1m[34mSELECT "schema_migrations"."version" FROM "schema_migrations" ORDER BY "schema_migrations"."version" ASC[0m
  ↳ /home/juan/.rvm/gems/ruby-2.4.1/gems/activerecord-5.2.1/lib/active_record/log_subscriber.rb:98
Processing by PagesController#home as HTML
  Rendering pages/home.html.erb within layouts/application
  Rendered pages/home.html.erb within layouts/application (0.6ms)
  Rendered layouts/_navbar.html.erb (0.6ms)
Completed 200 OK in 239ms (Views: 228.3ms | ActiveRecord: 0.0ms)


Started GET "/pages/home" for 127.0.0.1 at 2018-08-28 11:58:47 -0300
  [1m[35m (0.2ms)[0m  [1m[34mSELECT "schema_migrations"."version" FROM "schema_migrations" ORDER BY "schema_migrations"."version" ASC[0m
  ↳ /home/juan/.rvm/gems/ruby-2.4.1/gems/activerecord-5.2.1/lib/active_record/log_subscriber.rb:98
Processing by PagesController#home as HTML
  Rendering pages/home.html.erb within layouts/application
  Rendered pages/home.html.erb within layouts/application (0.7ms)
  Rendered layouts/_navbar.html.erb (1.0ms)
Completed 200 OK in 228ms (Views: 218.0ms | ActiveRecord: 0.0ms)


